<?xml version="1.0" encoding="UTF-8"?>
<!-- Generated by org.testng.reporters.JUnitReportReporter -->
<testsuite hostname="Win-1006" failures="0" tests="10" name="com.muDomastic.qa.TestCases.CommercialPortalGenericScenario" time="3729.322" errors="0" timestamp="26 Jan 2022 10:56:22 GMT" skipped="0">
  <testcase classname="com.muDomastic.qa.TestCases.CommercialPortalGenericScenario" name="CommercialPortal_TC_01" time="430.684"/>
  <testcase classname="com.muDomastic.qa.TestCases.CommercialPortalGenericScenario" name="CommercialPortal_TC_02" time="538.213"/>
  <testcase classname="com.muDomastic.qa.TestCases.CommercialPortalGenericScenario" name="CommercialPortal_TC_03" time="555.739"/>
  <testcase classname="com.muDomastic.qa.TestCases.CommercialPortalGenericScenario" name="CommercialPortal_TC_04" time="664.847"/>
  <testcase classname="com.muDomastic.qa.TestCases.CommercialPortalGenericScenario" name="CommercialPortal_TC_05" time="295.217"/>
  <testcase classname="com.muDomastic.qa.TestCases.CommercialPortalGenericScenario" name="CommercialPortal_TC_06" time="78.682"/>
  <testcase classname="com.muDomastic.qa.TestCases.CommercialPortalGenericScenario" name="CommercialPortal_TC_07" time="545.886"/>
  <testcase classname="com.muDomastic.qa.TestCases.CommercialPortalGenericScenario" name="CommercialPortal_TC_08" time="151.827"/>
  <testcase classname="com.muDomastic.qa.TestCases.CommercialPortalGenericScenario" name="CommercialPortal_TC_09" time="153.112"/>
  <testcase classname="com.muDomastic.qa.TestCases.CommercialPortalGenericScenario" name="CommercialPortal_TC_10" time="315.115"/>
</testsuite> <!-- com.muDomastic.qa.TestCases.CommercialPortalGenericScenario -->
