<?xml version="1.0" encoding="UTF-8"?>
<!-- Generated by org.testng.reporters.JUnitReportReporter -->
<testsuite hostname="Win-1006" failures="0" tests="1" name="com.muDomastic.qa.TestCases.EnergyLinxGenericScenario" time="108.387" errors="0" timestamp="06 Sept 2021 10:45:35 GMT" skipped="0">
  <testcase classname="com.muDomastic.qa.TestCases.EnergyLinxGenericScenario" name="executevalue" time="108.387"/>
</testsuite> <!-- com.muDomastic.qa.TestCases.EnergyLinxGenericScenario -->
