<?xml version="1.0" encoding="UTF-8"?>
<!-- Generated by org.testng.reporters.JUnitReportReporter -->
<testsuite hostname="Win-1006" failures="0" tests="1" name="com.muDomastic.qa.TestCases.EnergyHelplineGenericScenario" time="290.636" errors="0" timestamp="14 Sept 2021 13:52:41 GMT" skipped="0">
  <testcase classname="com.muDomastic.qa.TestCases.EnergyHelplineGenericScenario" name="executevalue" time="290.636"/>
</testsuite> <!-- com.muDomastic.qa.TestCases.EnergyHelplineGenericScenario -->
