<?xml version="1.0" encoding="UTF-8"?>
<!-- Generated by org.testng.reporters.JUnitReportReporter -->
<testsuite hostname="Win-1006" failures="0" tests="1" name="com.muDomastic.qa.TestCases.CompareTheMarketGenericScenario" time="475.187" errors="0" timestamp="15 Sept 2021 10:19:57 GMT" skipped="0">
  <testcase classname="com.muDomastic.qa.TestCases.CompareTheMarketGenericScenario" name="executevalue" time="475.187"/>
</testsuite> <!-- com.muDomastic.qa.TestCases.CompareTheMarketGenericScenario -->
