<?xml version="1.0" encoding="UTF-8"?>
<!-- Generated by org.testng.reporters.JUnitReportReporter -->
<testsuite hostname="Win-1006" failures="0" tests="8" name="com.muDomastic.qa.TestCases.CommercialPortalGenericScenario" time="877.648" errors="0" timestamp="24 Nov 2021 15:42:34 GMT" skipped="0">
  <testcase classname="com.muDomastic.qa.TestCases.CommercialPortalGenericScenario" name="CommercialPortal_TC_08" time="145.773"/>
  <testcase classname="com.muDomastic.qa.TestCases.CommercialPortalGenericScenario" name="CommercialPortal_TC_09" time="159.614"/>
  <testcase classname="com.muDomastic.qa.TestCases.CommercialPortalGenericScenario" name="CommercialPortal_TC_02" time="116.557"/>
  <testcase classname="com.muDomastic.qa.TestCases.CommercialPortalGenericScenario" name="CommercialPortal_TC_07" time="120.279"/>
  <testcase classname="com.muDomastic.qa.TestCases.CommercialPortalGenericScenario" name="CommercialPortal_TC_03" time="157.157"/>
  <testcase classname="com.muDomastic.qa.TestCases.CommercialPortalGenericScenario" name="CommercialPortal_TC_05" time="30.413"/>
  <testcase classname="com.muDomastic.qa.TestCases.CommercialPortalGenericScenario" name="CommercialPortal_TC_06" time="29.761"/>
  <testcase classname="com.muDomastic.qa.TestCases.CommercialPortalGenericScenario" name="CommercialPortal_TC_01" time="118.094"/>
</testsuite> <!-- com.muDomastic.qa.TestCases.CommercialPortalGenericScenario -->
