<?xml version="1.0" encoding="UTF-8"?>
<!-- Generated by org.testng.reporters.JUnitReportReporter -->
<testsuite hostname="Win-1006" failures="0" tests="1" name="com.muDomastic.qa.TestCases.MoneySuperMarketGenericScenario" time="233.786" errors="0" timestamp="20 Sept 2021 12:26:47 GMT" skipped="0">
  <testcase classname="com.muDomastic.qa.TestCases.MoneySuperMarketGenericScenario" name="executevalue" time="233.786"/>
</testsuite> <!-- com.muDomastic.qa.TestCases.MoneySuperMarketGenericScenario -->
