<?xml version="1.0" encoding="UTF-8"?>
<!-- Generated by org.testng.reporters.JUnitReportReporter -->
<testsuite hostname="Win-1006" failures="0" tests="1" name="com.muDomastic.qa.TestCases.loveEnergyGenericScenario" time="191.580" errors="0" timestamp="19 Oct 2021 14:12:14 GMT" skipped="0">
  <testcase classname="com.muDomastic.qa.TestCases.loveEnergyGenericScenario" name="executevalue" time="191.580"/>
</testsuite> <!-- com.muDomastic.qa.TestCases.loveEnergyGenericScenario -->
