<?xml version="1.0" encoding="UTF-8"?>
<!-- Generated by org.testng.reporters.JUnitReportReporter -->
<testsuite hostname="Win-1006" failures="0" tests="1" name="com.muDomastic.qa.TestCases.CommercialPortalGenericScenario" time="118.336" errors="0" timestamp="09 Feb 2022 17:33:58 GMT" skipped="0">
  <testcase classname="com.muDomastic.qa.TestCases.CommercialPortalGenericScenario" name="CommercialPortal_TC_04" time="118.336"/>
</testsuite> <!-- com.muDomastic.qa.TestCases.CommercialPortalGenericScenario -->
