<?xml version="1.0" encoding="UTF-8"?>
<!-- Generated by org.testng.reporters.JUnitReportReporter -->
<testsuite hostname="Win-1006" failures="0" tests="1" name="com.muDomastic.qa.TestCases.USwitchGenericScenario" time="373.966" errors="0" timestamp="14 Sept 2021 16:21:30 GMT" skipped="0">
  <testcase classname="com.muDomastic.qa.TestCases.USwitchGenericScenario" name="executevalue" time="373.966"/>
</testsuite> <!-- com.muDomastic.qa.TestCases.USwitchGenericScenario -->
