<?xml version="1.0" encoding="UTF-8"?>
<!-- Generated by org.testng.reporters.JUnitReportReporter -->
<testsuite hostname="Win-1006" failures="0" tests="1" name="com.muDomastic.qa.TestCases.goCompareGenericScenario" time="263.291" errors="0" timestamp="25 Aug 2021 14:49:22 GMT" skipped="0">
  <testcase classname="com.muDomastic.qa.TestCases.goCompareGenericScenario" name="executevalue" time="263.291"/>
</testsuite> <!-- com.muDomastic.qa.TestCases.goCompareGenericScenario -->
