<?xml version="1.0" encoding="UTF-8"?>
<!-- Generated by org.testng.reporters.JUnitReportReporter -->
<testsuite hostname="Win-1049" failures="0" tests="1" name="com.muDomastic.qa.TestCases.ElectricFlow" time="59.188" errors="0" timestamp="13 Jul 2021 15:27:22 GMT" skipped="0">
  <testcase classname="com.muDomastic.qa.TestCases.ElectricFlow" name="executevalue" time="59.188"/>
</testsuite> <!-- com.muDomastic.qa.TestCases.ElectricFlow -->
